<?xml version="1.0" encoding="UTF-8"?>
<!-- Generated by org.testng.reporters.JUnitXMLReporter -->
<testsuite hostname="DELL" ignored="0" name="Default test" tests="8" failures="0" timestamp="27 May 2017 07:39:36 GMT" time="571.59" errors="0">
  <testcase name="LaunchApplichation" time="104.922" classname="com.Info.MainTest.TestRunner"/>
  <testcase name="To_Verify_EMI_CalculatorPage" time="228.856" classname="com.Info.MainTest.TestRunner"/>
  <testcase name="toValidate_EnquiryForm" time="83.042" classname="com.Info.MainTest.TestRunner"/>
  <testcase name="toValidateHomeLoagPage" time="0.015" classname="com.Info.MainTest.TestRunner">
    <skipped/>
  </testcase> <!-- toValidateHomeLoagPage -->
  <testcase name="To_handle_Agent_Search" time="0.006" classname="com.Info.MainTest.TestRunner">
    <skipped/>
  </testcase> <!-- To_handle_Agent_Search -->
  <testcase name="To_handle_Agent_Search" time="0.022" classname="com.Info.MainTest.TestRunner">
    <skipped/>
  </testcase> <!-- To_handle_Agent_Search -->
  <testcase name="toValidate_post_Requirment_Page" time="0.006" classname="com.Info.MainTest.TestRunner"/>
  <testcase name="toValidate_postpropertydetails" time="41.027" classname="com.Info.MainTest.TestRunner"/>
</testsuite> <!-- Default test -->
