<?xml version="1.0" encoding="UTF-8"?>
<testng-results skipped="0" failed="0" total="9" passed="9">
  <reporter-output>
  </reporter-output>
  <suite name="Suite" duration-ms="943809" started-at="2017-05-18T22:44:44Z" finished-at="2017-05-18T23:00:27Z">
    <groups>
    </groups>
    <test name="Test" duration-ms="943809" started-at="2017-05-18T22:44:44Z" finished-at="2017-05-18T23:00:27Z">
      <class name="com.automation.maven.MavenDemo">
        <test-method status="PASS" signature="show()" name="show" duration-ms="7" started-at="2017-05-18T22:44:44Z" finished-at="2017-05-18T22:44:44Z">
        </test-method>
      </class>
      <class name="com.Info.MainTest.TestRunner">
        <test-method status="PASS" signature="Reportsetup()" name="Reportsetup" is-config="true" duration-ms="1697" started-at="2017-05-18T22:44:42Z" finished-at="2017-05-18T22:44:44Z">
        </test-method>
        <test-method status="PASS" signature="setUp()" name="setUp" is-config="true" duration-ms="12068" started-at="2017-05-18T22:44:44Z" finished-at="2017-05-18T22:44:56Z">
        </test-method>
        <test-method status="PASS" signature="LaunchApplichation()" name="LaunchApplichation" duration-ms="82041" started-at="2017-05-18T22:44:56Z" finished-at="2017-05-18T22:46:18Z">
        </test-method>
        <test-method status="PASS" signature="printReport(org.testng.ITestResult)" name="printReport" is-config="true" duration-ms="2991" started-at="2017-05-18T22:46:18Z" finished-at="2017-05-18T22:46:21Z">
          <params>
            <param index="0">
              <value>
                <![CDATA[[TestResult: LaunchApplichation STATUS:SUCCESS METHOD:com.Info.MainTest.TestRunner.LaunchApplichation()]
]]>
              </value>
            </param>
          </params>
        </test-method>
        <test-method status="PASS" signature="To_Verify_EMI_CalculatorPage()" name="To_Verify_EMI_CalculatorPage" duration-ms="20419" started-at="2017-05-18T22:46:21Z" finished-at="2017-05-18T22:46:41Z">
        </test-method>
        <test-method status="PASS" signature="printReport(org.testng.ITestResult)" name="printReport" is-config="true" duration-ms="74602" started-at="2017-05-18T22:46:41Z" finished-at="2017-05-18T22:47:56Z">
          <params>
            <param index="0">
              <value>
                <![CDATA[[TestResult: To_Verify_EMI_CalculatorPage STATUS:SUCCESS METHOD:com.Info.MainTest.TestRunner.To_Verify_EMI_CalculatorPage()]
]]>
              </value>
            </param>
          </params>
        </test-method>
        <test-method status="PASS" signature="toValidate_EnquiryForm(java.lang.String, java.lang.String, java.lang.String, java.lang.String, java.lang.String)" name="toValidate_EnquiryForm" duration-ms="130327" started-at="2017-05-18T22:48:02Z" finished-at="2017-05-18T22:50:12Z">
          <params>
            <param index="0">
              <value>
                <![CDATA[Pravin]]>
              </value>
            </param>
            <param index="1">
              <value>
                <![CDATA[pravin@gmail.com]]>
              </value>
            </param>
            <param index="2">
              <value>
                <![CDATA[Looking for 2 BHK at Aundh]]>
              </value>
            </param>
            <param index="3">
              <value>
                <![CDATA[9898526987]]>
              </value>
            </param>
            <param index="4">
              <value>
                <![CDATA[Y]]>
              </value>
            </param>
          </params>
        </test-method>
        <test-method status="PASS" signature="printReport(org.testng.ITestResult)" name="printReport" is-config="true" duration-ms="1228" started-at="2017-05-18T22:50:12Z" finished-at="2017-05-18T22:50:13Z">
          <params>
            <param index="0">
              <value>
                <![CDATA[[TestResult: toValidate_EnquiryForm STATUS:SUCCESS METHOD:com.Info.MainTest.TestRunner.toValidate_EnquiryForm(java.lang.String, java.lang.String, java.lang.String, java.lang.String, java.lang.String)]
]]>
              </value>
            </param>
          </params>
        </test-method>
        <test-method status="PASS" signature="toValidateHomeLoagPage(java.lang.String, java.lang.String, java.lang.String, java.lang.String, java.lang.String, java.lang.String, java.lang.String)" name="toValidateHomeLoagPage" duration-ms="20489" started-at="2017-05-18T22:50:14Z" finished-at="2017-05-18T22:50:34Z">
          <params>
            <param index="0">
              <value>
                <![CDATA[Above 50-Lakh]]>
              </value>
            </param>
            <param index="1">
              <value>
                <![CDATA[Pravin]]>
              </value>
            </param>
            <param index="2">
              <value>
                <![CDATA[pravinsole@gmail.com]]>
              </value>
            </param>
            <param index="3">
              <value>
                <![CDATA[9636524578]]>
              </value>
            </param>
            <param index="4">
              <value>
                <![CDATA[National]]>
              </value>
            </param>
            <param index="5">
              <value>
                <![CDATA[HDFC Bank]]>
              </value>
            </param>
            <param index="6">
              <value>
                <![CDATA[Y]]>
              </value>
            </param>
          </params>
        </test-method>
        <test-method status="PASS" signature="printReport(org.testng.ITestResult)" name="printReport" is-config="true" duration-ms="1068" started-at="2017-05-18T22:50:34Z" finished-at="2017-05-18T22:50:36Z">
          <params>
            <param index="0">
              <value>
                <![CDATA[[TestResult: toValidateHomeLoagPage STATUS:SUCCESS METHOD:com.Info.MainTest.TestRunner.toValidateHomeLoagPage(java.lang.String, java.lang.String, java.lang.String, java.lang.String, java.lang.String, java.lang.String, java.lang.String)]
]]>
              </value>
            </param>
          </params>
        </test-method>
        <test-method status="PASS" signature="To_handle_Agent_Search(java.lang.String, java.lang.String, java.lang.String, java.lang.String, java.lang.String, java.lang.String, java.lang.String, java.lang.String)" name="To_handle_Agent_Search" duration-ms="202131" started-at="2017-05-18T22:50:36Z" finished-at="2017-05-18T22:53:58Z">
          <params>
            <param index="0">
              <value>
                <![CDATA[based-in]]>
              </value>
            </param>
            <param index="1">
              <value>
                <![CDATA[Pune]]>
              </value>
            </param>
            <param index="2">
              <value>
                <![CDATA[Pune]]>
              </value>
            </param>
            <param index="3">
              <value>
                <![CDATA[Original Booking]]>
              </value>
            </param>
            <param index="4">
              <value>
                <![CDATA[Residential House]]>
              </value>
            </param>
            <param index="5">
              <value>
                <![CDATA[Global royalty]]>
              </value>
            </param>
            <param index="6">
              <value>
                <![CDATA[101]]>
              </value>
            </param>
            <param index="7">
              <value>
                <![CDATA[Y]]>
              </value>
            </param>
          </params>
        </test-method>
        <test-method status="PASS" signature="printReport(org.testng.ITestResult)" name="printReport" is-config="true" duration-ms="4053" started-at="2017-05-18T22:53:58Z" finished-at="2017-05-18T22:54:02Z">
          <params>
            <param index="0">
              <value>
                <![CDATA[[TestResult: To_handle_Agent_Search STATUS:SUCCESS METHOD:com.Info.MainTest.TestRunner.To_handle_Agent_Search(java.lang.String, java.lang.String, java.lang.String, java.lang.String, java.lang.String, java.lang.String, java.lang.String, java.lang.String)]
]]>
              </value>
            </param>
          </params>
        </test-method>
        <test-method status="PASS" signature="To_handle_Agent_Search(java.lang.String, java.lang.String, java.lang.String, java.lang.String, java.lang.String, java.lang.String, java.lang.String, java.lang.String)" name="To_handle_Agent_Search" duration-ms="45152" started-at="2017-05-18T22:54:02Z" finished-at="2017-05-18T22:54:47Z">
          <params>
            <param index="0">
              <value>
                <![CDATA[based-in]]>
              </value>
            </param>
            <param index="1">
              <value>
                <![CDATA[Pune]]>
              </value>
            </param>
            <param index="2">
              <value>
                <![CDATA[Pune]]>
              </value>
            </param>
            <param index="3">
              <value>
                <![CDATA[Original Booking]]>
              </value>
            </param>
            <param index="4">
              <value>
                <![CDATA[Residential House]]>
              </value>
            </param>
            <param index="5">
              <value>
                <![CDATA[Global royalty]]>
              </value>
            </param>
            <param index="6">
              <value>
                <![CDATA[101]]>
              </value>
            </param>
            <param index="7">
              <value>
                <![CDATA[Y]]>
              </value>
            </param>
          </params>
        </test-method>
        <test-method status="PASS" signature="printReport(org.testng.ITestResult)" name="printReport" is-config="true" duration-ms="57996" started-at="2017-05-18T22:54:47Z" finished-at="2017-05-18T22:55:45Z">
          <params>
            <param index="0">
              <value>
                <![CDATA[[TestResult: To_handle_Agent_Search STATUS:SUCCESS METHOD:com.Info.MainTest.TestRunner.To_handle_Agent_Search(java.lang.String, java.lang.String, java.lang.String, java.lang.String, java.lang.String, java.lang.String, java.lang.String, java.lang.String)]
]]>
              </value>
            </param>
          </params>
        </test-method>
        <test-method status="PASS" signature="toValidate_post_Requirment_Page(java.lang.String, java.lang.String, java.lang.String, java.lang.String, java.lang.String, java.lang.String, java.lang.String, java.lang.String, java.lang.String)" name="toValidate_post_Requirment_Page" duration-ms="39550" started-at="2017-05-18T22:55:46Z" finished-at="2017-05-18T22:56:25Z">
          <params>
            <param index="0">
              <value>
                <![CDATA[Residensial]]>
              </value>
            </param>
            <param index="1">
              <value>
                <![CDATA[Mumbai]]>
              </value>
            </param>
            <param index="2">
              <value>
                <![CDATA[1200]]>
              </value>
            </param>
            <param index="3">
              <value>
                <![CDATA[1400]]>
              </value>
            </param>
            <param index="4">
              <value>
                <![CDATA[Sachin]]>
              </value>
            </param>
            <param index="5">
              <value>
                <![CDATA[pravin@gmail.com]]>
              </value>
            </param>
            <param index="6">
              <value>
                <![CDATA[DDLA@2017]]>
              </value>
            </param>
            <param index="7">
              <value>
                <![CDATA[9857854512]]>
              </value>
            </param>
            <param index="8">
              <value>
                <![CDATA[Y]]>
              </value>
            </param>
          </params>
        </test-method>
        <test-method status="PASS" signature="printReport(org.testng.ITestResult)" name="printReport" is-config="true" duration-ms="1344" started-at="2017-05-18T22:56:25Z" finished-at="2017-05-18T22:56:26Z">
          <params>
            <param index="0">
              <value>
                <![CDATA[[TestResult: toValidate_post_Requirment_Page STATUS:SUCCESS METHOD:com.Info.MainTest.TestRunner.toValidate_post_Requirment_Page(java.lang.String, java.lang.String, java.lang.String, java.lang.String, java.lang.String, java.lang.String, java.lang.String, java.lang.String, java.lang.String)]
]]>
              </value>
            </param>
          </params>
        </test-method>
        <test-method status="PASS" signature="toValidate_postpropertydetails(java.lang.String, java.lang.String, java.lang.String, java.lang.String, java.lang.String, java.lang.String, java.lang.String, java.lang.String, java.lang.String, java.lang.String, java.lang.String)" name="toValidate_postpropertydetails" duration-ms="237862" started-at="2017-05-18T22:56:27Z" finished-at="2017-05-18T23:00:25Z">
          <params>
            <param index="0">
              <value>
                <![CDATA[Residential House]]>
              </value>
            </param>
            <param index="1">
              <value>
                <![CDATA[2]]>
              </value>
            </param>
            <param index="2">
              <value>
                <![CDATA[2]]>
              </value>
            </param>
            <param index="3">
              <value>
                <![CDATA[Furnished]]>
              </value>
            </param>
            <param index="4">
              <value>
                <![CDATA[Good property]]>
              </value>
            </param>
            <param index="5">
              <value>
                <![CDATA[pravin]]>
              </value>
            </param>
            <param index="6">
              <value>
                <![CDATA[pravin@gmail.com]]>
              </value>
            </param>
            <param index="7">
              <value>
                <![CDATA[12345]]>
              </value>
            </param>
            <param index="8">
              <value>
                <![CDATA[Pune]]>
              </value>
            </param>
            <param index="9">
              <value>
                <![CDATA[9632584785]]>
              </value>
            </param>
            <param index="10">
              <value>
                <![CDATA[Y]]>
              </value>
            </param>
          </params>
        </test-method>
        <test-method status="PASS" signature="printReport(org.testng.ITestResult)" name="printReport" is-config="true" duration-ms="947" started-at="2017-05-18T23:00:25Z" finished-at="2017-05-18T23:00:26Z">
          <params>
            <param index="0">
              <value>
                <![CDATA[[TestResult: toValidate_postpropertydetails STATUS:SUCCESS METHOD:com.Info.MainTest.TestRunner.toValidate_postpropertydetails(java.lang.String, java.lang.String, java.lang.String, java.lang.String, java.lang.String, java.lang.String, java.lang.String, java.lang.String, java.lang.String, java.lang.String, java.lang.String)]
]]>
              </value>
            </param>
          </params>
        </test-method>
        <test-method status="PASS" signature="cleanUp()" name="cleanUp" is-config="true" duration-ms="1" started-at="2017-05-18T23:00:26Z" finished-at="2017-05-18T23:00:26Z">
        </test-method>
        <test-method status="PASS" signature="endTest()" name="endTest" is-config="true" duration-ms="1876" started-at="2017-05-18T23:00:26Z" finished-at="2017-05-18T23:00:27Z">
        </test-method>
      </class>
    </test>
  </suite>
</testng-results>
